<?xml version="1.0" encoding="UTF-8"?>
<testsuite xmlns:xsi="http://www.w3.org/2001/XMLSchema-instance" xsi:noNamespaceSchemaLocation="https://maven.apache.org/surefire/maven-surefire-plugin/xsd/surefire-test-report-3.0.xsd" version="3.0" name="com.main.YaAllahApplicationTests" time="26.594" tests="1" errors="0" skipped="0" failures="0">
  <properties>
[...]
</properties>
  <testcase name="contextLoads" classname="com.main.YaAllahApplicationTests" time="1.212">
    <system-out><![CDATA[00:12:06.083 [main] INFO org.springframework.test.context.support.AnnotationConfigContextLoaderUtils -- Could not detect default configuration classes for test class [com.main.YaAllahApplicationTests]: YaAllahApplicationTests does not declare any static, non-private, non-final, nested classes annotated with @Configuration.
00:12:06.282 [main] INFO org.springframework.boot.test.context.SpringBootTestContextBootstrapper -- Found @SpringBootConfiguration com.main.YaAllahApplication for test class com.main.YaAllahApplicationTests
00:12:06.540 [main] INFO org.springframework.boot.devtools.restart.RestartApplicationListener -- Restart disabled due to context in which it is running

  .   ____          _            __ _ _
 /\\ / ___'_ __ _ _(_)_ __  __ _ \ \ \ \
( ( )\___ | '_ | '_| | '_ \/ _` | \ \ \ \
 \\/  ___)| |_)| | | | | || (_| |  ) ) ) )
  '  |____| .__|_| |_|_| |_\__, | / / / /
 =========|_|==============|___/=/_/_/_/

 :: Spring Boot ::                (v3.3.7)

2025-11-13T00:12:07.003+05:30  INFO 17672 --- [yaAllah] [           main] com.main.YaAllahApplicationTests         : Starting YaAllahApplicationTests using Java 21.0.8 with PID 17672 (started by noors in C:\Users\noors\Downloads\Spring-projects\Backend\Backend)
2025-11-13T00:12:07.005+05:30  INFO 17672 --- [yaAllah] [           main] com.main.YaAllahApplicationTests         : No active profile set, falling back to 1 default profile: "default"
2025-11-13T00:12:09.479+05:30  INFO 17672 --- [yaAllah] [           main] .s.d.r.c.RepositoryConfigurationDelegate : Bootstrapping Spring Data JPA repositories in DEFAULT mode.
2025-11-13T00:12:09.651+05:30  INFO 17672 --- [yaAllah] [           main] .s.d.r.c.RepositoryConfigurationDelegate : Finished Spring Data repository scanning in 157 ms. Found 5 JPA repository interfaces.
2025-11-13T00:12:11.216+05:30  INFO 17672 --- [yaAllah] [           main] o.hibernate.jpa.internal.util.LogHelper  : HHH000204: Processing PersistenceUnitInfo [name: default]
2025-11-13T00:12:11.510+05:30  INFO 17672 --- [yaAllah] [           main] org.hibernate.Version                    : HHH000412: Hibernate ORM core version 6.5.3.Final
2025-11-13T00:12:11.601+05:30  INFO 17672 --- [yaAllah] [           main] o.h.c.internal.RegionFactoryInitiator    : HHH000026: Second-level cache disabled
2025-11-13T00:12:13.006+05:30  INFO 17672 --- [yaAllah] [           main] o.s.o.j.p.SpringPersistenceUnitInfo      : No LoadTimeWeaver setup: ignoring JPA class transformer
2025-11-13T00:12:13.064+05:30  INFO 17672 --- [yaAllah] [           main] com.zaxxer.hikari.HikariDataSource       : HikariPool-1 - Starting...
2025-11-13T00:12:16.019+05:30  INFO 17672 --- [yaAllah] [           main] com.zaxxer.hikari.pool.HikariPool        : HikariPool-1 - Added connection org.postgresql.jdbc.PgConnection@1fb71788
2025-11-13T00:12:16.022+05:30  INFO 17672 --- [yaAllah] [           main] com.zaxxer.hikari.HikariDataSource       : HikariPool-1 - Start completed.
2025-11-13T00:12:16.412+05:30  WARN 17672 --- [yaAllah] [           main] org.hibernate.orm.deprecation            : HHH90000025: PostgreSQLDialect does not need to be specified explicitly using 'hibernate.dialect' (remove the property setting and it will be selected by default)
2025-11-13T00:12:20.389+05:30  INFO 17672 --- [yaAllah] [           main] o.h.e.t.j.p.i.JtaPlatformInitiator       : HHH000489: No JTA platform available (set 'hibernate.transaction.jta.platform' to enable JTA platform integration)
Hibernate: 
    alter table if exists comments 
       alter column content set data type TEXT
Hibernate: 
    alter table if exists posts 
       alter column content set data type TEXT
2025-11-13T00:12:28.035+05:30  INFO 17672 --- [yaAllah] [           main] j.LocalContainerEntityManagerFactoryBean : Initialized JPA EntityManagerFactory for persistence unit 'default'
2025-11-13T00:12:28.612+05:30  WARN 17672 --- [yaAllah] [           main] o.s.aop.framework.CglibAopProxy          : Unable to proxy interface-implementing method [public final void org.springframework.web.filter.OncePerRequestFilter.doFilter(jakarta.servlet.ServletRequest,jakarta.servlet.ServletResponse,jakarta.servlet.FilterChain) throws jakarta.servlet.ServletException,java.io.IOException] because it is marked as final, consider using interface-based JDK proxies instead.
2025-11-13T00:12:28.612+05:30  WARN 17672 --- [yaAllah] [           main] o.s.aop.framework.CglibAopProxy          : Unable to proxy interface-implementing method [public final void org.springframework.web.filter.GenericFilterBean.init(jakarta.servlet.FilterConfig) throws jakarta.servlet.ServletException] because it is marked as final, consider using interface-based JDK proxies instead.
2025-11-13T00:12:28.910+05:30  INFO 17672 --- [yaAllah] [           main] eAuthenticationProviderManagerConfigurer : Global AuthenticationManager configured with AuthenticationProvider bean with name authProvider
2025-11-13T00:12:29.351+05:30  WARN 17672 --- [yaAllah] [           main] JpaBaseConfiguration$JpaWebConfiguration : spring.jpa.open-in-view is enabled by default. Therefore, database queries may be performed during view rendering. Explicitly configure spring.jpa.open-in-view to disable this warning
2025-11-13T00:12:30.965+05:30  INFO 17672 --- [yaAllah] [           main] com.main.YaAllahApplicationTests         : Started YaAllahApplicationTests in 24.447 seconds (process running for 26.337)
]]></system-out>
    <system-err><![CDATA[WARNING: A Java agent has been loaded dynamically (C:\Users\noors\.m2\repository\net\bytebuddy\byte-buddy-agent\1.14.19\byte-buddy-agent-1.14.19.jar)
WARNING: If a serviceability tool is in use, please run with -XX:+EnableDynamicAgentLoading to hide this warning
WARNING: If a serviceability tool is not in use, please run with -Djdk.instrument.traceUsage for more information
WARNING: Dynamic loading of agents will be disallowed by default in a future release
]]></system-err>
  </testcase>
</testsuite>